<?xml version="1.0" encoding="UTF-8"?>
<!-- Generated by org.testng.reporters.JUnitXMLReporter -->
<testsuite hostname="rajjage-lapa" name="Command line test" tests="1" failures="0" timestamp="12 Sep 2013 03:37:48 GMT" time="0.048" errors="0">
  <testcase name="@BeforeClass setUpClass" time="0.0" classname="sample.IntepreterNGTest">
    <failure type="java.lang.NoSuchMethodError" message="sample.Intepreter.&amp;lt;init&amp;gt;(Ljava/lang/String;)V">
      <![CDATA[java.lang.NoSuchMethodError: sample.Intepreter.<init>(Ljava/lang/String;)V
	at sample.IntepreterNGTest.setUpClass(IntepreterNGTest.java:23)
... Removed 33 stack frames]]>
    </failure>
  </testcase> <!-- @BeforeClass setUpClass -->
  <testcase name="@BeforeMethod setUpMethod" time="0.0" classname="sample.IntepreterNGTest">
    <skipped/>
  </testcase> <!-- @BeforeMethod setUpMethod -->
  <testcase name="@AfterMethod tearDownMethod" time="0.0" classname="sample.IntepreterNGTest">
    <skipped/>
  </testcase> <!-- @AfterMethod tearDownMethod -->
  <testcase name="@AfterClass tearDownClass" time="0.0" classname="sample.IntepreterNGTest">
    <skipped/>
  </testcase> <!-- @AfterClass tearDownClass -->
  <testcase name="testGetValue" time="0.001" classname="sample.IntepreterNGTest">
    <skipped/>
  </testcase> <!-- testGetValue -->
</testsuite> <!-- Command line test -->
