<?xml version="1.0" encoding="UTF-8"?>
<testng-results skipped="1" failed="0" total="1" passed="0">
  <reporter-output>
  </reporter-output>
  <suite name="sample.IntepreterNGTest" duration-ms="48" started-at="2013-09-12T03:37:48Z" finished-at="2013-09-12T03:37:48Z">
    <groups>
    </groups>
    <test name="Command line test" duration-ms="48" started-at="2013-09-12T03:37:48Z" finished-at="2013-09-12T03:37:48Z">
      <class name="sample.IntepreterNGTest">
        <test-method status="FAIL" signature="setUpClass()[pri:0, instance:sample.IntepreterNGTest@717ef5]" name="setUpClass" is-config="true" duration-ms="0" started-at="2013-09-12T09:07:48Z" finished-at="2013-09-12T09:07:48Z">
          <exception class="java.lang.NoSuchMethodError">
            <message>
              <![CDATA[sample.Intepreter.<init>(Ljava/lang/String;)V]]>
            </message>
            <full-stacktrace>
              <![CDATA[java.lang.NoSuchMethodError: sample.Intepreter.<init>(Ljava/lang/String;)V
	at sample.IntepreterNGTest.setUpClass(IntepreterNGTest.java:23)
	at sun.reflect.NativeMethodAccessorImpl.invoke0(Native Method)
	at sun.reflect.NativeMethodAccessorImpl.invoke(NativeMethodAccessorImpl.java:57)
	at sun.reflect.DelegatingMethodAccessorImpl.invoke(DelegatingMethodAccessorImpl.java:43)
	at java.lang.reflect.Method.invoke(Method.java:601)
	at org.testng.internal.MethodInvocationHelper.invokeMethod(MethodInvocationHelper.java:84)
	at org.testng.internal.Invoker.invokeConfigurationMethod(Invoker.java:564)
	at org.testng.internal.Invoker.invokeConfigurations(Invoker.java:213)
	at org.testng.internal.Invoker.invokeConfigurations(Invoker.java:138)
	at org.testng.internal.TestMethodWorker.invokeBeforeClassMethods(TestMethodWorker.java:175)
	at org.testng.internal.TestMethodWorker.run(TestMethodWorker.java:107)
	at org.testng.TestRunner.privateRun(TestRunner.java:767)
	at org.testng.TestRunner.run(TestRunner.java:617)
	at org.testng.SuiteRunner.runTest(SuiteRunner.java:334)
	at org.testng.SuiteRunner.runSequentially(SuiteRunner.java:329)
	at org.testng.SuiteRunner.privateRun(SuiteRunner.java:291)
	at org.testng.SuiteRunner.run(SuiteRunner.java:240)
	at org.testng.SuiteRunnerWorker.runSuite(SuiteRunnerWorker.java:52)
	at org.testng.SuiteRunnerWorker.run(SuiteRunnerWorker.java:86)
	at org.testng.TestNG.runSuitesSequentially(TestNG.java:1224)
	at org.testng.TestNG.runSuitesLocally(TestNG.java:1149)
	at org.testng.TestNG.run(TestNG.java:1057)
	at org.apache.maven.surefire.testng.TestNGExecutor.run(TestNGExecutor.java:70)
	at org.apache.maven.surefire.testng.TestNGDirectoryTestSuite.execute(TestNGDirectoryTestSuite.java:109)
	at org.apache.maven.surefire.testng.TestNGProvider.invoke(TestNGProvider.java:111)
	at sun.reflect.NativeMethodAccessorImpl.invoke0(Native Method)
	at sun.reflect.NativeMethodAccessorImpl.invoke(NativeMethodAccessorImpl.java:57)
	at sun.reflect.DelegatingMethodAccessorImpl.invoke(DelegatingMethodAccessorImpl.java:43)
	at java.lang.reflect.Method.invoke(Method.java:601)
	at org.apache.maven.surefire.util.ReflectionUtils.invokeMethodWithArray(ReflectionUtils.java:164)
	at org.apache.maven.surefire.booter.ProviderFactory$ProviderProxy.invoke(ProviderFactory.java:110)
	at org.apache.maven.surefire.booter.SurefireStarter.invokeProvider(SurefireStarter.java:175)
	at org.apache.maven.surefire.booter.SurefireStarter.runSuitesInProcessWhenForked(SurefireStarter.java:107)
	at org.apache.maven.surefire.booter.ForkedBooter.main(ForkedBooter.java:68)
]]>
            </full-stacktrace>
          </exception> <!-- java.lang.NoSuchMethodError -->
          <reporter-output>
          </reporter-output>
        </test-method> <!-- setUpClass -->
        <test-method status="SKIP" signature="testGetValue()[pri:0, instance:sample.IntepreterNGTest@717ef5]" name="testGetValue" duration-ms="1" started-at="2013-09-12T09:07:48Z" finished-at="2013-09-12T09:07:48Z">
          <reporter-output>
          </reporter-output>
        </test-method> <!-- testGetValue -->
        <test-method status="SKIP" signature="setUpMethod()[pri:0, instance:sample.IntepreterNGTest@717ef5]" name="setUpMethod" is-config="true" duration-ms="0" started-at="2013-09-12T09:07:48Z" finished-at="2013-09-12T09:07:48Z">
          <reporter-output>
          </reporter-output>
        </test-method> <!-- setUpMethod -->
        <test-method status="SKIP" signature="tearDownMethod()[pri:0, instance:sample.IntepreterNGTest@717ef5]" name="tearDownMethod" is-config="true" duration-ms="0" started-at="2013-09-12T09:07:48Z" finished-at="2013-09-12T09:07:48Z">
          <reporter-output>
          </reporter-output>
        </test-method> <!-- tearDownMethod -->
        <test-method status="SKIP" signature="tearDownClass()[pri:0, instance:sample.IntepreterNGTest@717ef5]" name="tearDownClass" is-config="true" duration-ms="0" started-at="2013-09-12T09:07:48Z" finished-at="2013-09-12T09:07:48Z">
          <reporter-output>
          </reporter-output>
        </test-method> <!-- tearDownClass -->
      </class> <!-- sample.IntepreterNGTest -->
    </test> <!-- Command line test -->
  </suite> <!-- sample.IntepreterNGTest -->
</testng-results>
